Arguments: 
  C:\Program Files\nodejs\node.exe C:\Program Files (x86)\Yarn\bin\yarn.js install

PATH: 
  C:\Program Files (x86)\Common Files\Oracle\Java\javapath;C:\Program Files (x86)\Intel\Intel(R) Management Engine Components\iCLS\;C:\Program Files\Intel\Intel(R) Management Engine Components\iCLS\;C:\windows\system32;C:\windows;C:\windows\System32\Wbem;C:\windows\System32\WindowsPowerShell\v1.0\;C:\windows\System32\OpenSSH\;C:\Program Files (x86)\Intel\Intel(R) Management Engine Components\DAL;C:\Program Files\Intel\Intel(R) Management Engine Components\DAL;C:\Program Files (x86)\Intel\Intel(R) Management Engine Components\IPT;C:\Program Files\Intel\Intel(R) Management Engine Components\IPT;C:\Program Files (x86)\NVIDIA Corporation\PhysX\Common;C:\Program Files (x86)\Yarn\bin\;C:\Program Files\Java\jdk-11.0.7\bin;C:\Program Files\apache-maven-3.6.1\bin;C:\Program Files\MongoDB\Server\3.6\bin;C:\Program Files\Git\cmd;C:\Program Files\NVIDIA Corporation\NVIDIA NvDLISR;C:\Program Files (x86)\PDFtk Server\bin\;C:\WINDOWS\system32;C:\WINDOWS;C:\WINDOWS\System32\Wbem;C:\WINDOWS\System32\WindowsPowerShell\v1.0\;C:\WINDOWS\System32\OpenSSH\;C:\Program Files\PuTTY\;C:\Program Files\nodejs\;C:\Program Files\Docker\Docker\resources\bin;C:\ProgramData\DockerDesktop\version-bin;C:\Program Files\JetBrains\IntelliJ IDEA\bin;C:\Users\alex_\AppData\Local\Microsoft\WindowsApps;;C:\Users\alex_\AppData\Local\Programs\Microsoft VS Code\bin;C:\Users\alex_\AppData\Local\Yarn\bin;C:\Program Files\JetBrains\WebStorm 2019.2\bin;;C:\Users\alex_\AppData\Roaming\npm

Yarn version: 
  1.16.0

Node version: 
  12.18.0

Platform: 
  win32 x64

Trace: 
  Error: EPERM: operation not permitted, unlink 'C:\Users\alex_\rolly-rolly-website\node_modules\bufferutil\prebuilds\win32-x64\node.napi.node'

npm manifest: 
  {
    "name": "gatsby-material-design-for-bootstrap",
    "private": true,
    "description": "A simple starter which lets you quickly start developing with Gastby and Material Design For Bootstrap",
    "version": "0.1.0",
    "author": "Anna Morawska <a.morawska@mdbootstrap.com>",
    "dependencies": {
      "@svgr/webpack": "4.1.0",
      "gatsby": "2.0.76",
      "gatsby-image": "2.0.20",
      "gatsby-plugin-manifest": "2.0.9",
      "gatsby-plugin-offline": "2.0.16",
      "gatsby-plugin-react-helmet": "3.0.2",
      "gatsby-plugin-sharp": "2.0.14",
      "gatsby-plugin-svgr": "2.0.1",
      "gatsby-source-filesystem": "2.0.8",
      "gatsby-transformer-sharp": "2.1.8",
      "mdbreact": "4.27.0",
      "prop-types": "15.6.2",
      "react": "16.6.3",
      "react-dom": "16.6.3",
      "react-helmet": "5.2.0",
      "react-scroll": "1.8.1"
    },
    "keywords": [
      "gatsby",
      "material-design",
      "material-design-for-bootstrap",
      "MDB",
      "MDB React"
    ],
    "license": "MIT",
    "scripts": {
      "build": "gatsby build",
      "develop": "gatsby develop",
      "start": "npm run develop",
      "format": "prettier --write \"src/**/*.js\"",
      "test": "echo \"Write tests! -> https://gatsby.app/unit-testing\""
    },
    "devDependencies": {
      "prettier": "1.15.2"
    },
    "repository": {
      "type": "git",
      "url": "https://github.com/anna-morawska/gatsby-material-design-for-bootstrap"
    },
    "bugs": {
      "url": "https://github.com/anna-morawska/gatsby-material-design-for-bootstrap/issues"
    }
  }

yarn manifest: 
  No manifest

Lockfile: 
  No lockfile
